Traceback (most recent call last):
  File "/Library/Frameworks/Python.framework/Versions/3.11/lib/python3.11/site-packages/jupyter_cache/executors/utils.py", line 58, in single_nb_execution
    executenb(
  File "/Library/Frameworks/Python.framework/Versions/3.11/lib/python3.11/site-packages/nbclient/client.py", line 1304, in execute
    return NotebookClient(nb=nb, resources=resources, km=km, **kwargs).execute()
           ^^^^^^^^^^^^^^^^^^^^^^^^^^^^^^^^^^^^^^^^^^^^^^^^^^^^^^^^^^^^^^^^^^^^^
  File "/Library/Frameworks/Python.framework/Versions/3.11/lib/python3.11/site-packages/jupyter_core/utils/__init__.py", line 166, in wrapped
    return loop.run_until_complete(inner)
           ^^^^^^^^^^^^^^^^^^^^^^^^^^^^^^
  File "/Library/Frameworks/Python.framework/Versions/3.11/lib/python3.11/asyncio/base_events.py", line 650, in run_until_complete
    return future.result()
           ^^^^^^^^^^^^^^^
  File "/Library/Frameworks/Python.framework/Versions/3.11/lib/python3.11/contextlib.py", line 222, in __aexit__
    await self.gen.athrow(typ, value, traceback)
  File "/Library/Frameworks/Python.framework/Versions/3.11/lib/python3.11/site-packages/nbclient/client.py", line 650, in async_setup_kernel
    yield
  File "/Library/Frameworks/Python.framework/Versions/3.11/lib/python3.11/site-packages/nbclient/client.py", line 705, in async_execute
    await self.async_execute_cell(
  File "/Library/Frameworks/Python.framework/Versions/3.11/lib/python3.11/site-packages/nbclient/client.py", line 1020, in async_execute_cell
    await self._check_raise_for_error(cell, cell_index, exec_reply)
  File "/Library/Frameworks/Python.framework/Versions/3.11/lib/python3.11/site-packages/nbclient/client.py", line 914, in _check_raise_for_error
    raise CellExecutionError.from_cell_and_msg(cell, exec_reply_content)
nbclient.exceptions.CellExecutionError: An error occurred while executing the following cell:
------------------
x_axis = df['Artist']

data = [
    go.bar(x=x_axis, y=df['Certified Units']),
    go.bar(x=x_axis, y=df['Gold']),
    go.bar(x=x_axis, y=df['Platinum']),
    go.bar(x=x_axis, y=df['Multi-Platinum']),
    go.bar(x=x_axis, y=df['Diamond'])
]

layout = go.Layout(
    title='Percentage unmarried in the US between 25 and 34 by income',
    height=400,
    xaxis=go.layout.XAxis(
        type='category', # the type for the x axis is categorical
        title='Artist',    # x-axis title
        tickangle=0,    # change label to horizontal
        tickfont=dict(size=10) # change label size
    ),
    yaxis=go.layout.YAxis(
        tickformat=',.0%', # show as percentage
        title='Albums' # y-axis title
    )
)

fig = go.Figure(data=data, layout=layout)
fig.show()
------------------

[0;31m---------------------------------------------------------------------------[0m
[0;31mTypeError[0m                                 Traceback (most recent call last)
Cell [0;32mIn[3], line 4[0m
[1;32m      1[0m x_axis [38;5;241m=[39m df[[38;5;124m'[39m[38;5;124mArtist[39m[38;5;124m'[39m]
[1;32m      3[0m data [38;5;241m=[39m [
[0;32m----> 4[0m     [43mgo[49m[38;5;241;43m.[39;49m[43mbar[49m[43m([49m[43mx[49m[38;5;241;43m=[39;49m[43mx_axis[49m[43m,[49m[43m [49m[43my[49m[38;5;241;43m=[39;49m[43mdf[49m[43m[[49m[38;5;124;43m'[39;49m[38;5;124;43mCertified Units[39;49m[38;5;124;43m'[39;49m[43m][49m[43m)[49m,
[1;32m      5[0m     go[38;5;241m.[39mbar(x[38;5;241m=[39mx_axis, y[38;5;241m=[39mdf[[38;5;124m'[39m[38;5;124mGold[39m[38;5;124m'[39m]),
[1;32m      6[0m     go[38;5;241m.[39mbar(x[38;5;241m=[39mx_axis, y[38;5;241m=[39mdf[[38;5;124m'[39m[38;5;124mPlatinum[39m[38;5;124m'[39m]),
[1;32m      7[0m     go[38;5;241m.[39mbar(x[38;5;241m=[39mx_axis, y[38;5;241m=[39mdf[[38;5;124m'[39m[38;5;124mMulti-Platinum[39m[38;5;124m'[39m]),
[1;32m      8[0m     go[38;5;241m.[39mbar(x[38;5;241m=[39mx_axis, y[38;5;241m=[39mdf[[38;5;124m'[39m[38;5;124mDiamond[39m[38;5;124m'[39m])
[1;32m      9[0m ]
[1;32m     11[0m layout [38;5;241m=[39m go[38;5;241m.[39mLayout(
[1;32m     12[0m     title[38;5;241m=[39m[38;5;124m'[39m[38;5;124mPercentage unmarried in the US between 25 and 34 by income[39m[38;5;124m'[39m,
[1;32m     13[0m     height[38;5;241m=[39m[38;5;241m400[39m,
[0;32m   (...)[0m
[1;32m     23[0m     )
[1;32m     24[0m )
[1;32m     26[0m fig [38;5;241m=[39m go[38;5;241m.[39mFigure(data[38;5;241m=[39mdata, layout[38;5;241m=[39mlayout)

[0;31mTypeError[0m: 'module' object is not callable
TypeError: 'module' object is not callable

